Compiling the C compiler identification source file "CMakeCCompilerId.c" failed.
Compiler: /Users/Yukiii/Downloads/usr/local/bin/gfortran 
Build flags: 
Id flags:  

The output was:
4
dyld: Library not loaded: /usr/local/lib/libmpc.3.dylib
  Referenced from: /Users/Yukiii/Downloads/usr/local/bin/../libexec/gcc/x86_64-apple-darwin15.6.0/7.1.0/cc1
  Reason: image not found
gfortran: internal compiler error: Abort trap: 6 (program cc1)
Please submit a full bug report,
with preprocessed source if appropriate.
See <https://gcc.gnu.org/bugs/> for instructions.


Compiling the C compiler identification source file "CMakeCCompilerId.c" failed.
Compiler: /Users/Yukiii/Downloads/usr/local/bin/gfortran 
Build flags: 
Id flags: -c 

The output was:
4
dyld: Library not loaded: /usr/local/lib/libmpc.3.dylib
  Referenced from: /Users/Yukiii/Downloads/usr/local/bin/../libexec/gcc/x86_64-apple-darwin15.6.0/7.1.0/cc1
  Reason: image not found
gfortran: internal compiler error: Abort trap: 6 (program cc1)
Please submit a full bug report,
with preprocessed source if appropriate.
See <https://gcc.gnu.org/bugs/> for instructions.


Compiling the C compiler identification source file "CMakeCCompilerId.c" failed.
Compiler: /Users/Yukiii/Downloads/usr/local/bin/gfortran 
Build flags: 
Id flags: -Aa 

The output was:
4
dyld: Library not loaded: /usr/local/lib/libmpc.3.dylib
  Referenced from: /Users/Yukiii/Downloads/usr/local/bin/../libexec/gcc/x86_64-apple-darwin15.6.0/7.1.0/cc1
  Reason: image not found
gfortran: internal compiler error: Abort trap: 6 (program cc1)
Please submit a full bug report,
with preprocessed source if appropriate.
See <https://gcc.gnu.org/bugs/> for instructions.


Compiling the C compiler identification source file "CMakeCCompilerId.c" failed.
Compiler: /Users/Yukiii/Downloads/usr/local/bin/gfortran 
Build flags: 
Id flags: -D__CLASSIC_C__ 

The output was:
4
dyld: Library not loaded: /usr/local/lib/libmpc.3.dylib
  Referenced from: /Users/Yukiii/Downloads/usr/local/bin/../libexec/gcc/x86_64-apple-darwin15.6.0/7.1.0/cc1
  Reason: image not found
gfortran: internal compiler error: Abort trap: 6 (program cc1)
Please submit a full bug report,
with preprocessed source if appropriate.
See <https://gcc.gnu.org/bugs/> for instructions.


Compiling the C compiler identification source file "CMakeCCompilerId.c" failed.
Compiler: /Users/Yukiii/Downloads/usr/local/bin/gfortran 
Build flags: 
Id flags:  

The output was:
4
dyld: Library not loaded: /usr/local/lib/libmpc.3.dylib
  Referenced from: /Users/Yukiii/Downloads/usr/local/bin/../libexec/gcc/x86_64-apple-darwin15.6.0/7.1.0/cc1
  Reason: image not found
gfortran: internal compiler error: Abort trap: 6 (program cc1)
Please submit a full bug report,
with preprocessed source if appropriate.
See <https://gcc.gnu.org/bugs/> for instructions.


Compiling the C compiler identification source file "CMakeCCompilerId.c" failed.
Compiler: /Users/Yukiii/Downloads/usr/local/bin/gfortran 
Build flags: 
Id flags: -c 

The output was:
4
dyld: Library not loaded: /usr/local/lib/libmpc.3.dylib
  Referenced from: /Users/Yukiii/Downloads/usr/local/bin/../libexec/gcc/x86_64-apple-darwin15.6.0/7.1.0/cc1
  Reason: image not found
gfortran: internal compiler error: Abort trap: 6 (program cc1)
Please submit a full bug report,
with preprocessed source if appropriate.
See <https://gcc.gnu.org/bugs/> for instructions.


Compiling the C compiler identification source file "CMakeCCompilerId.c" failed.
Compiler: /Users/Yukiii/Downloads/usr/local/bin/gfortran 
Build flags: 
Id flags: -Aa 

The output was:
4
dyld: Library not loaded: /usr/local/lib/libmpc.3.dylib
  Referenced from: /Users/Yukiii/Downloads/usr/local/bin/../libexec/gcc/x86_64-apple-darwin15.6.0/7.1.0/cc1
  Reason: image not found
gfortran: internal compiler error: Abort trap: 6 (program cc1)
Please submit a full bug report,
with preprocessed source if appropriate.
See <https://gcc.gnu.org/bugs/> for instructions.


Compiling the C compiler identification source file "CMakeCCompilerId.c" failed.
Compiler: /Users/Yukiii/Downloads/usr/local/bin/gfortran 
Build flags: 
Id flags: -D__CLASSIC_C__ 

The output was:
4
dyld: Library not loaded: /usr/local/lib/libmpc.3.dylib
  Referenced from: /Users/Yukiii/Downloads/usr/local/bin/../libexec/gcc/x86_64-apple-darwin15.6.0/7.1.0/cc1
  Reason: image not found
gfortran: internal compiler error: Abort trap: 6 (program cc1)
Please submit a full bug report,
with preprocessed source if appropriate.
See <https://gcc.gnu.org/bugs/> for instructions.


Checking whether the C compiler is IAR using "" did not match "IAR .+ Compiler":
gfortran: fatal error: no input files
compilation terminated.
Checking whether the C compiler is IAR using "" did not match "IAR .+ Compiler":
gfortran: fatal error: no input files
compilation terminated.
Determining if the C compiler works failed with the following output:
Change Dir: /Users/Yukiii/Documents/8_Sci_Visulization/SmokeOSX/cmake-build-debug/CMakeFiles/CMakeTmp

Run Build Command:"/usr/bin/make" "cmTC_65b0c/fast"
/Applications/Xcode.app/Contents/Developer/usr/bin/make -f CMakeFiles/cmTC_65b0c.dir/build.make CMakeFiles/cmTC_65b0c.dir/build
Building C object CMakeFiles/cmTC_65b0c.dir/testCCompiler.c.o
/Users/Yukiii/Downloads/usr/local/bin/gfortran    -o CMakeFiles/cmTC_65b0c.dir/testCCompiler.c.o   -c /Users/Yukiii/Documents/8_Sci_Visulization/SmokeOSX/cmake-build-debug/CMakeFiles/CMakeTmp/testCCompiler.c
dyld: Library not loaded: /usr/local/lib/libmpc.3.dylib
  Referenced from: /Users/Yukiii/Downloads/usr/local/bin/../libexec/gcc/x86_64-apple-darwin15.6.0/7.1.0/cc1
  Reason: image not found
gfortran: internal compiler error: Abort trap: 6 (program cc1)
Please submit a full bug report,
with preprocessed source if appropriate.
See <https://gcc.gnu.org/bugs/> for instructions.
make[1]: *** [CMakeFiles/cmTC_65b0c.dir/testCCompiler.c.o] Error 4
make: *** [cmTC_65b0c/fast] Error 2


Compiling the C compiler identification source file "CMakeCCompilerId.c" failed.
Compiler: /Users/Yukiii/Downloads/usr/local/bin/gfortran 
Build flags: 
Id flags:  

The output was:
4
dyld: Library not loaded: /usr/local/lib/libmpc.3.dylib
  Referenced from: /Users/Yukiii/Downloads/usr/local/bin/../libexec/gcc/x86_64-apple-darwin15.6.0/7.1.0/cc1
  Reason: image not found
gfortran: internal compiler error: Abort trap: 6 (program cc1)
Please submit a full bug report,
with preprocessed source if appropriate.
See <https://gcc.gnu.org/bugs/> for instructions.


Compiling the C compiler identification source file "CMakeCCompilerId.c" failed.
Compiler: /Users/Yukiii/Downloads/usr/local/bin/gfortran 
Build flags: 
Id flags: -c 

The output was:
4
dyld: Library not loaded: /usr/local/lib/libmpc.3.dylib
  Referenced from: /Users/Yukiii/Downloads/usr/local/bin/../libexec/gcc/x86_64-apple-darwin15.6.0/7.1.0/cc1
  Reason: image not found
gfortran: internal compiler error: Abort trap: 6 (program cc1)
Please submit a full bug report,
with preprocessed source if appropriate.
See <https://gcc.gnu.org/bugs/> for instructions.


Compiling the C compiler identification source file "CMakeCCompilerId.c" failed.
Compiler: /Users/Yukiii/Downloads/usr/local/bin/gfortran 
Build flags: 
Id flags: -Aa 

The output was:
4
dyld: Library not loaded: /usr/local/lib/libmpc.3.dylib
  Referenced from: /Users/Yukiii/Downloads/usr/local/bin/../libexec/gcc/x86_64-apple-darwin15.6.0/7.1.0/cc1
  Reason: image not found
gfortran: internal compiler error: Abort trap: 6 (program cc1)
Please submit a full bug report,
with preprocessed source if appropriate.
See <https://gcc.gnu.org/bugs/> for instructions.


Compiling the C compiler identification source file "CMakeCCompilerId.c" failed.
Compiler: /Users/Yukiii/Downloads/usr/local/bin/gfortran 
Build flags: 
Id flags: -D__CLASSIC_C__ 

The output was:
4
dyld: Library not loaded: /usr/local/lib/libmpc.3.dylib
  Referenced from: /Users/Yukiii/Downloads/usr/local/bin/../libexec/gcc/x86_64-apple-darwin15.6.0/7.1.0/cc1
  Reason: image not found
gfortran: internal compiler error: Abort trap: 6 (program cc1)
Please submit a full bug report,
with preprocessed source if appropriate.
See <https://gcc.gnu.org/bugs/> for instructions.


Compiling the C compiler identification source file "CMakeCCompilerId.c" failed.
Compiler: /Users/Yukiii/Downloads/usr/local/bin/gfortran 
Build flags: 
Id flags:  

The output was:
4
dyld: Library not loaded: /usr/local/lib/libmpc.3.dylib
  Referenced from: /Users/Yukiii/Downloads/usr/local/bin/../libexec/gcc/x86_64-apple-darwin15.6.0/7.1.0/cc1
  Reason: image not found
gfortran: internal compiler error: Abort trap: 6 (program cc1)
Please submit a full bug report,
with preprocessed source if appropriate.
See <https://gcc.gnu.org/bugs/> for instructions.


Compiling the C compiler identification source file "CMakeCCompilerId.c" failed.
Compiler: /Users/Yukiii/Downloads/usr/local/bin/gfortran 
Build flags: 
Id flags: -c 

The output was:
4
dyld: Library not loaded: /usr/local/lib/libmpc.3.dylib
  Referenced from: /Users/Yukiii/Downloads/usr/local/bin/../libexec/gcc/x86_64-apple-darwin15.6.0/7.1.0/cc1
  Reason: image not found
gfortran: internal compiler error: Abort trap: 6 (program cc1)
Please submit a full bug report,
with preprocessed source if appropriate.
See <https://gcc.gnu.org/bugs/> for instructions.


Compiling the C compiler identification source file "CMakeCCompilerId.c" failed.
Compiler: /Users/Yukiii/Downloads/usr/local/bin/gfortran 
Build flags: 
Id flags: -Aa 

The output was:
4
dyld: Library not loaded: /usr/local/lib/libmpc.3.dylib
  Referenced from: /Users/Yukiii/Downloads/usr/local/bin/../libexec/gcc/x86_64-apple-darwin15.6.0/7.1.0/cc1
  Reason: image not found
gfortran: internal compiler error: Abort trap: 6 (program cc1)
Please submit a full bug report,
with preprocessed source if appropriate.
See <https://gcc.gnu.org/bugs/> for instructions.


Compiling the C compiler identification source file "CMakeCCompilerId.c" failed.
Compiler: /Users/Yukiii/Downloads/usr/local/bin/gfortran 
Build flags: 
Id flags: -D__CLASSIC_C__ 

The output was:
4
dyld: Library not loaded: /usr/local/lib/libmpc.3.dylib
  Referenced from: /Users/Yukiii/Downloads/usr/local/bin/../libexec/gcc/x86_64-apple-darwin15.6.0/7.1.0/cc1
  Reason: image not found
gfortran: internal compiler error: Abort trap: 6 (program cc1)
Please submit a full bug report,
with preprocessed source if appropriate.
See <https://gcc.gnu.org/bugs/> for instructions.


Checking whether the C compiler is IAR using "" did not match "IAR .+ Compiler":
gfortran: fatal error: no input files
compilation terminated.
Checking whether the C compiler is IAR using "" did not match "IAR .+ Compiler":
gfortran: fatal error: no input files
compilation terminated.
Determining if the C compiler works failed with the following output:
Change Dir: /Users/Yukiii/Documents/8_Sci_Visulization/SmokeOSX/cmake-build-debug/CMakeFiles/CMakeTmp

Run Build Command:"/usr/bin/make" "cmTC_8ffcc/fast"
/Applications/Xcode.app/Contents/Developer/usr/bin/make -f CMakeFiles/cmTC_8ffcc.dir/build.make CMakeFiles/cmTC_8ffcc.dir/build
Building C object CMakeFiles/cmTC_8ffcc.dir/testCCompiler.c.o
/Users/Yukiii/Downloads/usr/local/bin/gfortran    -o CMakeFiles/cmTC_8ffcc.dir/testCCompiler.c.o   -c /Users/Yukiii/Documents/8_Sci_Visulization/SmokeOSX/cmake-build-debug/CMakeFiles/CMakeTmp/testCCompiler.c
dyld: Library not loaded: /usr/local/lib/libmpc.3.dylib
  Referenced from: /Users/Yukiii/Downloads/usr/local/bin/../libexec/gcc/x86_64-apple-darwin15.6.0/7.1.0/cc1
  Reason: image not found
gfortran: internal compiler error: Abort trap: 6 (program cc1)
Please submit a full bug report,
with preprocessed source if appropriate.
See <https://gcc.gnu.org/bugs/> for instructions.
make[2]: *** [CMakeFiles/cmTC_8ffcc.dir/testCCompiler.c.o] Error 4
make[1]: *** [cmTC_8ffcc/fast] Error 2


